INFO  04-06 19:56:18,306 - Kitchen - Logging is at level : Minimal logging
INFO  04-06 19:56:18,307 - Kitchen - Start of run.
INFO  04-06 19:56:23,852 - Using "/tmp/vfs_cache" as temporary files store.
INFO  04-06 19:56:25,445 - local_x_mes - Dispatching started for transformation [local_x_mes]
INFO  04-06 19:56:51,122 - Kitchen - Finished!
INFO  04-06 19:56:51,123 - Kitchen - Start=2013/06/04 19:56:24.849, Stop=2013/06/04 19:56:51.122
INFO  04-06 19:56:51,123 - Kitchen - Processing ended after 26 seconds.
INFO  04-06 19:58:07,791 - Kitchen - Logging is at level : Minimal logging
INFO  04-06 19:58:07,793 - Kitchen - Start of run.
INFO  04-06 19:58:13,364 - Using "/tmp/vfs_cache" as temporary files store.
INFO  04-06 19:58:15,072 - local_x_mes - Dispatching started for transformation [local_x_mes]
INFO  04-06 19:58:40,962 - Kitchen - Finished!
INFO  04-06 19:58:40,963 - Kitchen - Start=2013/06/04 19:58:14.420, Stop=2013/06/04 19:58:40.962
INFO  04-06 19:58:40,963 - Kitchen - Processing ended after 26 seconds.
INFO  01-07 06:00:03,572 - Kitchen - Logging is at level : Minimal logging
INFO  01-07 06:00:03,658 - Kitchen - Start of run.
INFO  01-07 06:00:09,356 - Using "/tmp/vfs_cache" as temporary files store.
INFO  01-07 06:00:10,963 - local_x_mes - Dispatching started for transformation [local_x_mes]
INFO  01-07 06:00:38,317 - Kitchen - Finished!
INFO  01-07 06:00:38,318 - Kitchen - Start=2013/07/01 06:00:10.261, Stop=2013/07/01 06:00:38.317
INFO  01-07 06:00:38,318 - Kitchen - Processing ended after 28 seconds.
INFO  01-08 06:00:04,378 - Kitchen - Logging is at level : Minimal logging
INFO  01-08 06:00:04,471 - Kitchen - Start of run.
INFO  01-08 06:00:09,992 - Using "/tmp/vfs_cache" as temporary files store.
INFO  01-08 06:00:11,472 - local_x_mes - Dispatching started for transformation [local_x_mes]
INFO  01-08 06:00:40,286 - Kitchen - Finished!
INFO  01-08 06:00:40,286 - Kitchen - Start=2013/08/01 06:00:10.769, Stop=2013/08/01 06:00:40.286
INFO  01-08 06:00:40,286 - Kitchen - Processing ended after 29 seconds.
INFO  01-09 06:00:04,358 - Kitchen - Logging is at level : Minimal logging
INFO  01-09 06:00:04,461 - Kitchen - Start of run.
INFO  01-09 06:00:09,614 - Using "/tmp/vfs_cache" as temporary files store.
INFO  01-09 06:00:11,391 - local_x_mes - Dispatching started for transformation [local_x_mes]
INFO  01-09 06:00:41,980 - Kitchen - Finished!
INFO  01-09 06:00:41,981 - Kitchen - Start=2013/09/01 06:00:10.764, Stop=2013/09/01 06:00:41.980
INFO  01-09 06:00:41,981 - Kitchen - Processing ended after 31 seconds.
INFO  01-10 06:00:03,716 - Kitchen - Logging is at level : Minimal logging
INFO  01-10 06:00:03,725 - Kitchen - Start of run.
INFO  01-10 06:00:09,218 - Using "/tmp/vfs_cache" as temporary files store.
INFO  01-10 06:00:10,769 - local_x_mes - Dispatching started for transformation [local_x_mes]
INFO  01-10 06:00:49,125 - Kitchen - Finished!
INFO  01-10 06:00:49,125 - Kitchen - Start=2013/10/01 06:00:10.056, Stop=2013/10/01 06:00:49.125
INFO  01-10 06:00:49,126 - Kitchen - Processing ended after 39 seconds.
INFO  01-11 06:00:04,736 - Kitchen - Logging is at level : Minimal logging
INFO  01-11 06:00:04,750 - Kitchen - Start of run.
INFO  01-11 06:00:10,142 - Using "/tmp/vfs_cache" as temporary files store.
INFO  01-11 06:00:11,735 - local_x_mes - Dispatching started for transformation [local_x_mes]
INFO  01-11 06:00:47,286 - Kitchen - Finished!
INFO  01-11 06:00:47,287 - Kitchen - Start=2013/11/01 06:00:11.133, Stop=2013/11/01 06:00:47.287
INFO  01-11 06:00:47,287 - Kitchen - Processing ended after 36 seconds.
INFO  01-12 06:00:06,025 - Kitchen - Logging is at level : Minimal logging
INFO  01-12 06:00:06,036 - Kitchen - Start of run.
INFO  01-12 06:00:11,689 - Using "/tmp/vfs_cache" as temporary files store.
INFO  01-12 06:00:13,310 - local_x_mes - Dispatching started for transformation [local_x_mes]
INFO  01-12 06:00:50,801 - Kitchen - Finished!
INFO  01-12 06:00:50,801 - Kitchen - Start=2013/12/01 06:00:12.626, Stop=2013/12/01 06:00:50.801
INFO  01-12 06:00:50,801 - Kitchen - Processing ended after 38 seconds.
INFO  01-01 06:00:05,970 - Kitchen - Logging is at level : Minimal logging
INFO  01-01 06:00:05,972 - Kitchen - Start of run.
INFO  01-01 06:00:11,389 - Using "/tmp/vfs_cache" as temporary files store.
INFO  01-01 06:00:13,069 - local_x_mes - Dispatching started for transformation [local_x_mes]
INFO  01-01 06:00:55,586 - Kitchen - Finished!
INFO  01-01 06:00:55,587 - Kitchen - Start=2014/01/01 06:00:12.333, Stop=2014/01/01 06:00:55.586
INFO  01-01 06:00:55,587 - Kitchen - Processing ended after 43 seconds.
INFO  01-02 06:00:06,941 - Kitchen - Logging is at level : Minimal logging
INFO  01-02 06:00:06,968 - Kitchen - Start of run.
INFO  01-02 06:00:18,612 - Using "/tmp/vfs_cache" as temporary files store.
INFO  01-02 06:00:21,506 - local_x_mes - Dispatching started for transformation [local_x_mes]
INFO  01-02 06:01:09,024 - Kitchen - Finished!
INFO  01-02 06:01:09,025 - Kitchen - Start=2014/02/01 06:00:20.352, Stop=2014/02/01 06:01:09.025
INFO  01-02 06:01:09,025 - Kitchen - Processing ended after 48 seconds.
INFO  01-03 06:00:06,860 - Kitchen - Logging is at level : Minimal logging
INFO  01-03 06:00:06,897 - Kitchen - Start of run.
INFO  01-03 06:00:16,316 - Using "/tmp/vfs_cache" as temporary files store.
INFO  01-03 06:00:18,653 - local_x_mes - Dispatching started for transformation [local_x_mes]
INFO  01-03 06:01:14,276 - Kitchen - Finished!
INFO  01-03 06:01:14,276 - Kitchen - Start=2014/03/01 06:00:17.591, Stop=2014/03/01 06:01:14.276
INFO  01-03 06:01:14,276 - Kitchen - Processing ended after 56 seconds.
INFO  01-04 06:00:08,802 - Kitchen - Logging is at level : Minimal logging
INFO  01-04 06:00:08,834 - Kitchen - Start of run.
INFO  01-04 06:00:18,889 - Using "/tmp/vfs_cache" as temporary files store.
INFO  01-04 06:00:21,632 - local_x_mes - Dispatching started for transformation [local_x_mes]
INFO  01-04 06:01:17,474 - Kitchen - Finished!
INFO  01-04 06:01:17,546 - Kitchen - Start=2014/04/01 06:00:20.437, Stop=2014/04/01 06:01:17.474
INFO  01-04 06:01:17,547 - Kitchen - Processing ended after 57 seconds.
INFO  01-05 06:00:06,472 - Kitchen - Logging is at level : Minimal logging
INFO  01-05 06:00:06,485 - Kitchen - Start of run.
INFO  01-05 06:00:12,767 - Using "/tmp/vfs_cache" as temporary files store.
INFO  01-05 06:00:14,434 - local_x_mes - Dispatching started for transformation [local_x_mes]
INFO  01-05 06:01:14,926 - Kitchen - Finished!
INFO  01-05 06:01:14,927 - Kitchen - Start=2014/05/01 06:00:13.770, Stop=2014/05/01 06:01:14.926
INFO  01-05 06:01:14,927 - Kitchen - Processing ended after 1 minutes and 1 seconds (61 seconds total).
INFO  01-06 06:00:05,787 - Kitchen - Logging is at level : Minimal logging
INFO  01-06 06:00:05,803 - Kitchen - Start of run.
INFO  01-06 06:00:11,709 - Using "/tmp/vfs_cache" as temporary files store.
INFO  01-06 06:00:13,417 - local_x_mes - Dispatching started for transformation [local_x_mes]
INFO  01-06 06:01:14,187 - Kitchen - Finished!
INFO  01-06 06:01:14,187 - Kitchen - Start=2014/06/01 06:00:12.739, Stop=2014/06/01 06:01:14.187
INFO  01-06 06:01:14,187 - Kitchen - Processing ended after 1 minutes and 1 seconds (61 seconds total).
INFO  01-07 06:00:07,350 - Kitchen - Logging is at level : Minimal logging
INFO  01-07 06:00:07,403 - Kitchen - Start of run.
INFO  01-07 06:00:14,841 - Using "/tmp/vfs_cache" as temporary files store.
INFO  01-07 06:00:17,304 - local_x_mes - Dispatching started for transformation [local_x_mes]
INFO  01-07 06:01:24,399 - Kitchen - Finished!
INFO  01-07 06:01:24,399 - Kitchen - Start=2014/07/01 06:00:15.926, Stop=2014/07/01 06:01:24.399
INFO  01-07 06:01:24,401 - Kitchen - Processing ended after 1 minutes and 8 seconds (68 seconds total).
INFO  01-08 06:00:05,598 - Kitchen - Logging is at level : Minimal logging
INFO  01-08 06:00:05,606 - Kitchen - Start of run.
INFO  01-08 06:00:11,842 - Using "/tmp/vfs_cache" as temporary files store.
INFO  01-08 06:00:13,623 - local_x_mes - Dispatching started for transformation [local_x_mes]
INFO  01-08 06:01:19,265 - Kitchen - Finished!
INFO  01-08 06:01:19,266 - Kitchen - Start=2014/08/01 06:00:12.888, Stop=2014/08/01 06:01:19.265
INFO  01-08 06:01:19,267 - Kitchen - Processing ended after 1 minutes and 6 seconds (66 seconds total).
INFO  01-09 06:00:05,851 - Kitchen - Logging is at level : Minimal logging
INFO  01-09 06:00:05,892 - Kitchen - Start of run.
INFO  01-09 06:00:12,077 - Using "/tmp/vfs_cache" as temporary files store.
INFO  01-09 06:00:13,741 - local_x_mes - Dispatching started for transformation [local_x_mes]
INFO  01-09 06:01:30,195 - Kitchen - Finished!
INFO  01-09 06:01:30,195 - Kitchen - Start=2014/09/01 06:00:13.090, Stop=2014/09/01 06:01:30.195
INFO  01-09 06:01:30,195 - Kitchen - Processing ended after 1 minutes and 17 seconds (77 seconds total).
INFO  01-10 06:00:08,319 - Kitchen - Logging is at level : Minimal logging
INFO  01-10 06:00:08,350 - Kitchen - Start of run.
INFO  01-10 06:00:17,772 - Using "/tmp/vfs_cache" as temporary files store.
INFO  01-10 06:00:19,646 - local_x_mes - Dispatching started for transformation [local_x_mes]
INFO  01-10 06:01:32,916 - Kitchen - Finished!
INFO  01-10 06:01:32,916 - Kitchen - Start=2014/10/01 06:00:18.842, Stop=2014/10/01 06:01:32.916
INFO  01-10 06:01:32,916 - Kitchen - Processing ended after 1 minutes and 14 seconds (74 seconds total).
INFO  01-11 06:00:05,399 - Kitchen - Logging is at level : Minimal logging
INFO  01-11 06:00:05,415 - Kitchen - Start of run.
INFO  01-11 06:00:11,272 - Using "/tmp/vfs_cache" as temporary files store.
INFO  01-11 06:00:12,947 - local_x_mes - Dispatching started for transformation [local_x_mes]
INFO  01-11 06:01:16,480 - Kitchen - Finished!
INFO  01-11 06:01:16,480 - Kitchen - Start=2014/11/01 06:00:12.287, Stop=2014/11/01 06:01:16.480
INFO  01-11 06:01:16,480 - Kitchen - Processing ended after 1 minutes and 4 seconds (64 seconds total).
INFO  01-12 06:00:05,733 - Kitchen - Logging is at level : Minimal logging
INFO  01-12 06:00:05,752 - Kitchen - Start of run.
INFO  01-12 06:00:11,317 - Using "/tmp/vfs_cache" as temporary files store.
INFO  01-12 06:00:12,854 - local_x_mes - Dispatching started for transformation [local_x_mes]
INFO  01-12 06:01:16,236 - Kitchen - Finished!
INFO  01-12 06:01:16,236 - Kitchen - Start=2014/12/01 06:00:12.197, Stop=2014/12/01 06:01:16.236
INFO  01-12 06:01:16,237 - Kitchen - Processing ended after 1 minutes and 4 seconds (64 seconds total).
INFO  01-01 06:00:05,059 - Kitchen - Logging is at level : Minimal logging
INFO  01-01 06:00:05,097 - Kitchen - Start of run.
INFO  01-01 06:00:10,861 - Using "/tmp/vfs_cache" as temporary files store.
INFO  01-01 06:00:12,523 - local_x_mes - Dispatching started for transformation [local_x_mes]
INFO  01-01 06:01:16,568 - Kitchen - Finished!
INFO  01-01 06:01:16,569 - Kitchen - Start=2015/01/01 06:00:11.854, Stop=2015/01/01 06:01:16.568
INFO  01-01 06:01:16,569 - Kitchen - Processing ended after 1 minutes and 4 seconds (64 seconds total).
INFO  01-02 06:00:05,711 - Kitchen - Logging is at level : Minimal logging
INFO  01-02 06:00:05,743 - Kitchen - Start of run.
INFO  01-02 06:00:11,243 - Using "/tmp/vfs_cache" as temporary files store.
INFO  01-02 06:00:12,776 - local_x_mes - Dispatching started for transformation [local_x_mes]
INFO  01-02 06:01:17,923 - Kitchen - Finished!
INFO  01-02 06:01:17,923 - Kitchen - Start=2015/02/01 06:00:12.086, Stop=2015/02/01 06:01:17.923
INFO  01-02 06:01:17,923 - Kitchen - Processing ended after 1 minutes and 5 seconds (65 seconds total).
INFO  01-03 06:00:06,039 - Kitchen - Logging is at level : Minimal logging
INFO  01-03 06:00:06,095 - Kitchen - Start of run.
INFO  01-03 06:00:12,364 - Using "/tmp/vfs_cache" as temporary files store.
INFO  01-03 06:00:13,958 - local_x_mes - Dispatching started for transformation [local_x_mes]
INFO  01-03 06:01:25,531 - Kitchen - Finished!
INFO  01-03 06:01:25,532 - Kitchen - Start=2015/03/01 06:00:13.268, Stop=2015/03/01 06:01:25.531
INFO  01-03 06:01:25,532 - Kitchen - Processing ended after 1 minutes and 12 seconds (72 seconds total).
INFO  01-04 06:00:05,948 - Kitchen - Logging is at level : Minimal logging
INFO  01-04 06:00:05,963 - Kitchen - Start of run.
INFO  01-04 06:00:11,628 - Using "/tmp/vfs_cache" as temporary files store.
INFO  01-04 06:00:13,385 - local_x_mes - Dispatching started for transformation [local_x_mes]
ERROR 01-04 06:00:13,726 - Entrada Tabla.0 - An error occurred, processing will be stopped: 
Error occured while trying to connect to the database

Error connecting to database: (using class org.postgresql.Driver)
FATAL: password authentication failed for user "urbix"


ERROR 01-04 06:00:13,732 - Entrada Tabla - Error initializing step [Entrada Tabla]
ERROR 01-04 06:00:13,733 - local_x_mes - Step [Entrada Tabla.0] failed to initialize!
ERROR 01-04 06:00:13,734 - mensual_converse - Unable to prepare for execution of the transformation
ERROR 01-04 06:00:13,735 - mensual_converse - org.pentaho.di.core.exception.KettleException: 
We failed to initialize at least one step.  Execution can not begin!


	at org.pentaho.di.trans.Trans.prepareExecution(Trans.java:677)
	at org.pentaho.di.trans.Trans.execute(Trans.java:275)
	at org.pentaho.di.job.entries.trans.JobEntryTrans.execute(JobEntryTrans.java:908)
	at org.pentaho.di.job.Job.execute(Job.java:446)
	at org.pentaho.di.job.Job.execute(Job.java:547)
	at org.pentaho.di.job.Job.execute(Job.java:332)
	at org.pentaho.di.job.Job.execute(Job.java:299)
	at org.pentaho.di.kitchen.Kitchen.main(Kitchen.java:421)

INFO  01-04 06:00:13,884 - Kitchen - Finished!
ERROR 01-04 06:00:13,884 - Kitchen - Finished with errors
INFO  01-04 06:00:13,885 - Kitchen - Start=2015/04/01 06:00:12.545, Stop=2015/04/01 06:00:13.884
INFO  01-04 06:00:13,885 - Kitchen - Processing ended after 1 seconds.
INFO  01-05 06:00:05,609 - Kitchen - Logging is at level : Minimal logging
INFO  01-05 06:00:05,623 - Kitchen - Start of run.
INFO  01-05 06:00:11,797 - Using "/tmp/vfs_cache" as temporary files store.
INFO  01-05 06:00:13,425 - local_x_mes - Dispatching started for transformation [local_x_mes]
ERROR 01-05 06:00:13,767 - Entrada Tabla.0 - An error occurred, processing will be stopped: 
Error occured while trying to connect to the database

Error connecting to database: (using class org.postgresql.Driver)
FATAL: password authentication failed for user "urbix"


ERROR 01-05 06:00:13,769 - Entrada Tabla - Error initializing step [Entrada Tabla]
ERROR 01-05 06:00:13,770 - local_x_mes - Step [Entrada Tabla.0] failed to initialize!
ERROR 01-05 06:00:13,796 - mensual_converse - Unable to prepare for execution of the transformation
ERROR 01-05 06:00:13,796 - mensual_converse - org.pentaho.di.core.exception.KettleException: 
We failed to initialize at least one step.  Execution can not begin!


	at org.pentaho.di.trans.Trans.prepareExecution(Trans.java:677)
	at org.pentaho.di.trans.Trans.execute(Trans.java:275)
	at org.pentaho.di.job.entries.trans.JobEntryTrans.execute(JobEntryTrans.java:908)
	at org.pentaho.di.job.Job.execute(Job.java:446)
	at org.pentaho.di.job.Job.execute(Job.java:547)
	at org.pentaho.di.job.Job.execute(Job.java:332)
	at org.pentaho.di.job.Job.execute(Job.java:299)
	at org.pentaho.di.kitchen.Kitchen.main(Kitchen.java:421)

INFO  01-05 06:00:13,948 - Kitchen - Finished!
ERROR 01-05 06:00:13,948 - Kitchen - Finished with errors
INFO  01-05 06:00:13,948 - Kitchen - Start=2015/05/01 06:00:12.745, Stop=2015/05/01 06:00:13.948
INFO  01-05 06:00:13,948 - Kitchen - Processing ended after 1 seconds.
